2021-01-19 14:22:41,931 [main] INFO nopCommerce - *********Launching Browser**********
2021-01-19 14:22:42,008 [main] INFO nopCommerce - *********Opening URL**********
2021-01-19 14:22:43,108 [main] INFO nopCommerce - *********Providing login details**********
2021-01-19 14:22:43,456 [main] INFO nopCommerce - *********Started Login pProcess**********
2021-01-19 14:22:46,874 [main] INFO nopCommerce - *********Dashboard Title Verified**********
2021-01-19 14:22:48,974 [main] INFO nopCommerce - *********Select Customer Menu**********
2021-01-19 14:22:51,123 [main] INFO nopCommerce - *********Click on Customer Menu**********
2021-01-19 14:22:54,918 [main] INFO nopCommerce - *********Click on Add new Button**********
2021-01-19 14:22:58,271 [main] INFO nopCommerce - *********Verified Add new Customer page Title**********
2021-01-19 14:22:58,277 [main] INFO nopCommerce - *********Add new Customer**********
2021-01-19 14:22:58,277 [main] INFO nopCommerce - *********Providing Customer Details**********
2021-01-19 14:23:16,562 [main] INFO nopCommerce - *********Save Customer information**********
2021-01-19 14:23:20,750 [main] INFO nopCommerce - *********new Customer added successfully**********
2021-01-19 14:23:21,163 [main] INFO nopCommerce - *********Closing Browser**********
2021-01-19 14:23:27,658 [main] INFO nopCommerce - *********Launching Browser**********
2021-01-19 14:23:27,660 [main] INFO nopCommerce - *********Opening URL**********
2021-01-19 14:23:28,862 [main] INFO nopCommerce - *********Providing login details**********
2021-01-19 14:23:29,184 [main] INFO nopCommerce - *********Started Login pProcess**********
2021-01-19 14:23:32,161 [main] INFO nopCommerce - *********Dashboard Title Verified**********
2021-01-19 14:23:34,174 [main] INFO nopCommerce - *********Select Customer Menu**********
2021-01-19 14:23:36,301 [main] INFO nopCommerce - *********Click on Customer Menu**********
2021-01-19 14:23:42,675 [main] INFO nopCommerce - *********Closing Browser**********
2021-01-19 14:23:49,069 [main] INFO nopCommerce - *********Launching Browser**********
2021-01-19 14:23:49,074 [main] INFO nopCommerce - *********Opening URL**********
2021-01-19 14:23:50,029 [main] INFO nopCommerce - *********Providing login details**********
2021-01-19 14:23:50,422 [main] INFO nopCommerce - *********Started Login pProcess**********
2021-01-19 14:23:52,835 [main] INFO nopCommerce - *********Dashboard Title Verified**********
2021-01-19 14:23:54,845 [main] INFO nopCommerce - *********Select Customer Menu**********
2021-01-19 14:23:56,961 [main] INFO nopCommerce - *********Click on Customer Menu**********
2021-01-19 14:24:03,604 [main] INFO nopCommerce - *********Closing Browser**********
2021-01-19 14:24:09,845 [main] INFO nopCommerce - *********Launching Browser**********
2021-01-19 14:24:09,847 [main] INFO nopCommerce - *********Opening URL**********
2021-01-19 14:24:10,923 [main] INFO nopCommerce - *********Providing login details**********
2021-01-19 14:24:11,220 [main] INFO nopCommerce - *********Started Login pProcess**********
2021-01-19 14:24:14,127 [main] INFO nopCommerce - *********Login Passed**********
2021-01-19 14:24:18,333 [main] INFO nopCommerce - *********Click on logout link**********
2021-01-19 14:24:18,366 [main] INFO nopCommerce - *********Login Passed**********
2021-01-19 14:24:18,369 [main] INFO nopCommerce - *********Closing Browser**********
2021-01-19 14:24:24,662 [main] INFO nopCommerce - *********Launching Browser**********
2021-01-19 14:24:24,665 [main] INFO nopCommerce - *********Opening URL**********
2021-01-19 14:24:25,911 [main] INFO nopCommerce - *********Providing login details**********
2021-01-19 14:24:26,477 [main] INFO nopCommerce - *********Started Login pProcess**********
2021-01-19 14:24:29,584 [main] INFO nopCommerce - *********Login Passed**********
2021-01-19 14:24:33,486 [main] INFO nopCommerce - *********Click on logout link**********
2021-01-19 14:24:33,507 [main] INFO nopCommerce - *********Login Passed**********
2021-01-19 14:24:33,509 [main] INFO nopCommerce - *********Closing Browser**********
2021-01-19 14:24:39,725 [main] INFO nopCommerce - *********Launching Browser**********
2021-01-19 14:24:39,727 [main] INFO nopCommerce - *********Opening URL**********
2021-01-19 14:24:41,042 [main] INFO nopCommerce - *********Providing login details**********
2021-01-19 14:24:41,483 [main] INFO nopCommerce - *********Started Login pProcess**********
2021-01-19 14:40:09,050 [main] INFO nopCommerce - *********Launching Browser**********
2021-01-19 14:40:09,104 [main] INFO nopCommerce - *********Opening URL**********
2021-01-19 14:40:10,568 [main] INFO nopCommerce - *********Providing login details**********
2021-01-19 14:40:11,319 [main] INFO nopCommerce - *********Started Login pProcess**********
2021-01-19 14:40:14,355 [main] INFO nopCommerce - *********Dashboard Title Verified**********
2021-01-19 14:40:16,420 [main] INFO nopCommerce - *********Select Customer Menu**********
2021-01-19 14:40:18,480 [main] INFO nopCommerce - *********Click on Customer Menu**********
2021-01-19 14:41:17,525 [main] INFO nopCommerce - *********Launching Browser**********
2021-01-19 14:41:17,648 [main] INFO nopCommerce - *********Opening URL**********
2021-01-19 14:41:18,599 [main] INFO nopCommerce - *********Providing login details**********
2021-01-19 14:41:18,941 [main] INFO nopCommerce - *********Started Login pProcess**********
2021-01-19 14:41:21,928 [main] INFO nopCommerce - *********Dashboard Title Verified**********
2021-01-19 14:41:23,964 [main] INFO nopCommerce - *********Select Customer Menu**********
2021-01-19 14:41:26,019 [main] INFO nopCommerce - *********Click on Customer Menu**********
2021-01-19 14:41:29,117 [main] INFO nopCommerce - *********Click on Add new Button**********
2021-01-19 14:41:32,168 [main] INFO nopCommerce - *********Verified Add new Customer page Title**********
2021-01-19 14:41:32,191 [main] INFO nopCommerce - *********Add new Customer**********
2021-01-19 14:41:32,192 [main] INFO nopCommerce - *********Providing Customer Details**********
2021-01-19 14:41:50,509 [main] INFO nopCommerce - *********Save Customer information**********
2021-01-19 14:41:54,179 [main] INFO nopCommerce - *********new Customer added successfully**********
2021-01-19 14:41:54,533 [main] INFO nopCommerce - *********Closing Browser**********
2021-01-19 14:42:00,864 [main] INFO nopCommerce - *********Launching Browser**********
2021-01-19 14:42:00,867 [main] INFO nopCommerce - *********Opening URL**********
2021-01-19 14:42:02,416 [main] INFO nopCommerce - *********Providing login details**********
2021-01-19 14:42:02,864 [main] INFO nopCommerce - *********Started Login pProcess**********
2021-01-19 14:42:06,136 [main] INFO nopCommerce - *********Dashboard Title Verified**********
2021-01-19 14:42:08,156 [main] INFO nopCommerce - *********Select Customer Menu**********
2021-01-19 14:42:10,214 [main] INFO nopCommerce - *********Click on Customer Menu**********
2021-01-19 14:42:15,821 [main] INFO nopCommerce - *********Closing Browser**********
2021-01-19 14:42:22,160 [main] INFO nopCommerce - *********Launching Browser**********
2021-01-19 14:42:22,162 [main] INFO nopCommerce - *********Opening URL**********
2021-01-19 14:42:23,058 [main] INFO nopCommerce - *********Providing login details**********
2021-01-19 14:42:23,333 [main] INFO nopCommerce - *********Started Login pProcess**********
2021-01-19 14:42:26,030 [main] INFO nopCommerce - *********Dashboard Title Verified**********
2021-01-19 14:42:28,041 [main] INFO nopCommerce - *********Select Customer Menu**********
2021-01-19 14:42:30,190 [main] INFO nopCommerce - *********Click on Customer Menu**********
2021-01-19 14:42:36,419 [main] INFO nopCommerce - *********Closing Browser**********
2021-01-19 14:42:42,704 [main] INFO nopCommerce - *********Launching Browser**********
2021-01-19 14:42:42,707 [main] INFO nopCommerce - *********Opening URL**********
2021-01-19 14:42:43,644 [main] INFO nopCommerce - *********Providing login details**********
2021-01-19 14:42:43,923 [main] INFO nopCommerce - *********Started Login pProcess**********
2021-01-19 14:42:47,274 [main] INFO nopCommerce - *********Login Passed**********
2021-01-19 14:42:51,457 [main] INFO nopCommerce - *********Click on logout link**********
2021-01-19 14:42:51,490 [main] INFO nopCommerce - *********Login Passed**********
2021-01-19 14:42:51,492 [main] INFO nopCommerce - *********Closing Browser**********
2021-01-19 14:42:57,866 [main] INFO nopCommerce - *********Launching Browser**********
2021-01-19 14:42:57,868 [main] INFO nopCommerce - *********Opening URL**********
2021-01-19 14:42:58,950 [main] INFO nopCommerce - *********Providing login details**********
2021-01-19 14:42:59,234 [main] INFO nopCommerce - *********Started Login pProcess**********
2021-01-19 14:43:02,155 [main] INFO nopCommerce - *********Login Passed**********
2021-01-19 14:43:06,148 [main] INFO nopCommerce - *********Click on logout link**********
2021-01-19 14:43:06,179 [main] INFO nopCommerce - *********Login Passed**********
2021-01-19 14:43:06,180 [main] INFO nopCommerce - *********Closing Browser**********
2021-01-19 14:43:12,393 [main] INFO nopCommerce - *********Launching Browser**********
2021-01-19 14:43:12,395 [main] INFO nopCommerce - *********Opening URL**********
2021-01-19 14:43:13,684 [main] INFO nopCommerce - *********Providing login details**********
2021-01-19 14:43:14,199 [main] INFO nopCommerce - *********Started Login pProcess**********
2021-01-23 14:13:23,876 [main] INFO nopCommerce - *********Launching Browser**********
2021-01-23 14:13:23,963 [main] INFO nopCommerce - *********Opening URL**********
2021-01-23 14:13:25,416 [main] INFO nopCommerce - *********Providing login details**********
2021-01-23 14:13:25,933 [main] INFO nopCommerce - *********Started Login pProcess**********
2021-01-23 14:13:29,768 [main] INFO nopCommerce - *********Dashboard Title Verified**********
2021-01-23 14:13:31,787 [main] INFO nopCommerce - *********Select Customer Menu**********
2021-01-23 14:13:33,946 [main] INFO nopCommerce - *********Click on Customer Menu**********
2021-01-23 14:13:37,526 [main] INFO nopCommerce - *********Click on Add new Button**********
2021-01-23 14:13:40,725 [main] INFO nopCommerce - *********Verified Add new Customer page Title**********
2021-01-23 14:13:40,736 [main] INFO nopCommerce - *********Add new Customer**********
2021-01-23 14:13:40,737 [main] INFO nopCommerce - *********Providing Customer Details**********
2021-01-23 14:13:59,085 [main] INFO nopCommerce - *********Save Customer information**********
2021-01-23 14:14:03,499 [main] INFO nopCommerce - *********new Customer added successfully**********
2021-01-23 14:14:03,871 [main] INFO nopCommerce - *********Closing Browser**********
2021-01-23 14:14:09,957 [main] INFO nopCommerce - *********Launching Browser**********
2021-01-23 14:14:09,962 [main] INFO nopCommerce - *********Opening URL**********
2021-01-23 14:14:11,124 [main] INFO nopCommerce - *********Providing login details**********
2021-01-23 14:14:11,477 [main] INFO nopCommerce - *********Started Login pProcess**********
2021-01-23 14:14:14,735 [main] INFO nopCommerce - *********Dashboard Title Verified**********
2021-01-23 14:14:16,832 [main] INFO nopCommerce - *********Select Customer Menu**********
2021-01-23 14:14:18,997 [main] INFO nopCommerce - *********Click on Customer Menu**********
2021-01-23 14:14:26,049 [main] INFO nopCommerce - *********Closing Browser**********
2021-01-23 14:14:32,595 [main] INFO nopCommerce - *********Launching Browser**********
2021-01-23 14:14:32,599 [main] INFO nopCommerce - *********Opening URL**********
2021-01-23 14:14:33,729 [main] INFO nopCommerce - *********Providing login details**********
2021-01-23 14:14:34,088 [main] INFO nopCommerce - *********Started Login pProcess**********
2021-01-23 14:14:37,643 [main] INFO nopCommerce - *********Dashboard Title Verified**********
2021-01-23 14:14:39,666 [main] INFO nopCommerce - *********Select Customer Menu**********
2021-01-23 14:14:41,924 [main] INFO nopCommerce - *********Click on Customer Menu**********
2021-01-23 14:14:49,010 [main] INFO nopCommerce - *********Closing Browser**********
2021-01-23 14:19:30,784 [main] INFO nopCommerce - *********Launching Browser**********
2021-01-23 14:19:30,842 [main] INFO nopCommerce - *********Opening URL**********
2021-01-23 14:19:30,911 [main] INFO nopCommerce - *********Launching Browser**********
2021-01-23 14:19:30,914 [main] INFO nopCommerce - *********Opening URL**********
2021-01-23 14:19:30,949 [main] INFO nopCommerce - *********Launching Browser**********
2021-01-23 14:19:30,952 [main] INFO nopCommerce - *********Opening URL**********
2021-01-23 14:23:17,190 [main] INFO nopCommerce - *********Launching Browser**********
2021-01-23 14:23:17,267 [main] INFO nopCommerce - *********Opening URL**********
2021-01-23 14:23:18,281 [main] INFO nopCommerce - *********Providing login details**********
2021-01-23 14:23:18,467 [main] INFO nopCommerce - *********Started Login pProcess**********
2021-01-23 14:23:21,135 [main] INFO nopCommerce - *********Dashboard Title Verified**********
2021-01-23 14:23:23,163 [main] INFO nopCommerce - *********Select Customer Menu**********
2021-01-23 14:23:25,478 [main] INFO nopCommerce - *********Click on Customer Menu**********
2021-01-23 14:23:29,185 [main] INFO nopCommerce - *********Click on Add new Button**********
2021-01-23 14:23:32,191 [main] INFO nopCommerce - *********Verified Add new Customer page Title**********
2021-01-23 14:23:32,202 [main] INFO nopCommerce - *********Add new Customer**********
2021-01-23 14:23:32,203 [main] INFO nopCommerce - *********Providing Customer Details**********
2021-01-23 14:23:49,978 [main] INFO nopCommerce - *********Save Customer information**********
2021-01-23 14:23:53,008 [main] INFO nopCommerce - *********new Customer added successfully**********
2021-01-23 14:23:53,636 [main] INFO nopCommerce - *********Closing Browser**********
2021-01-23 14:23:59,230 [main] INFO nopCommerce - *********Launching Browser**********
2021-01-23 14:23:59,237 [main] INFO nopCommerce - *********Opening URL**********
2021-01-23 14:24:00,192 [main] INFO nopCommerce - *********Providing login details**********
2021-01-23 14:24:00,359 [main] INFO nopCommerce - *********Started Login pProcess**********
2021-01-23 14:24:04,161 [main] INFO nopCommerce - *********Dashboard Title Verified**********
2021-01-23 14:24:06,170 [main] INFO nopCommerce - *********Select Customer Menu**********
2021-01-23 14:24:08,453 [main] INFO nopCommerce - *********Click on Customer Menu**********
2021-01-23 14:24:13,983 [main] INFO nopCommerce - *********Closing Browser**********
2021-01-23 14:24:19,534 [main] INFO nopCommerce - *********Launching Browser**********
2021-01-23 14:24:19,540 [main] INFO nopCommerce - *********Opening URL**********
2021-01-23 14:24:20,271 [main] INFO nopCommerce - *********Providing login details**********
2021-01-23 14:24:20,460 [main] INFO nopCommerce - *********Started Login pProcess**********
2021-01-23 14:24:23,469 [main] INFO nopCommerce - *********Dashboard Title Verified**********
2021-01-23 14:24:25,493 [main] INFO nopCommerce - *********Select Customer Menu**********
2021-01-23 14:24:27,789 [main] INFO nopCommerce - *********Click on Customer Menu**********
2021-01-23 14:24:33,373 [main] INFO nopCommerce - *********Closing Browser**********
2021-01-23 16:16:41,174 [main] INFO nopCommerce - *********Launching Browser**********
2021-01-23 16:16:41,234 [main] INFO nopCommerce - *********Opening URL**********
2021-01-23 16:16:42,577 [main] INFO nopCommerce - *********Providing login details**********
2021-01-23 16:16:43,081 [main] INFO nopCommerce - *********Started Login pProcess**********
2021-01-23 16:16:46,871 [main] INFO nopCommerce - *********Dashboard Title Verified**********
2021-01-23 16:16:48,902 [main] INFO nopCommerce - *********Select Customer Menu**********
2021-01-23 16:16:51,023 [main] INFO nopCommerce - *********Click on Customer Menu**********
2021-01-23 16:16:56,390 [main] INFO nopCommerce - *********Click on Add new Button**********
2021-01-23 16:17:01,322 [main] INFO nopCommerce - *********Verified Add new Customer page Title**********
2021-01-23 16:17:01,329 [main] INFO nopCommerce - *********Add new Customer**********
2021-01-23 16:17:01,329 [main] INFO nopCommerce - *********Providing Customer Details**********
2021-01-23 16:17:18,712 [main] INFO nopCommerce - *********Save Customer information**********
2021-01-23 16:17:22,968 [main] INFO nopCommerce - *********new Customer added successfully**********
2021-01-23 16:17:23,321 [main] INFO nopCommerce - *********Closing Browser**********
2021-01-23 16:19:52,393 [main] INFO nopCommerce - *********Launching Browser**********
2021-01-23 16:19:52,561 [main] INFO nopCommerce - *********Opening URL**********
2021-01-23 16:19:53,701 [main] INFO nopCommerce - *********Providing login details**********
2021-01-23 16:19:54,135 [main] INFO nopCommerce - *********Started Login pProcess**********
2021-01-23 16:19:57,951 [main] INFO nopCommerce - *********Dashboard Title Verified**********
2021-01-23 16:19:59,995 [main] INFO nopCommerce - *********Select Customer Menu**********
2021-01-23 16:20:02,110 [main] INFO nopCommerce - *********Click on Customer Menu**********
2021-01-23 16:20:05,778 [main] INFO nopCommerce - *********Click on Add new Button**********
2021-01-23 16:20:08,928 [main] INFO nopCommerce - *********Verified Add new Customer page Title**********
2021-01-23 16:20:08,934 [main] INFO nopCommerce - *********Add new Customer**********
2021-01-23 16:20:08,935 [main] INFO nopCommerce - *********Providing Customer Details**********
2021-01-23 16:20:26,302 [main] INFO nopCommerce - *********Save Customer information**********
2021-01-23 16:20:29,836 [main] INFO nopCommerce - *********new Customer added successfully**********
2021-01-23 16:20:30,200 [main] INFO nopCommerce - *********Closing Browser**********
2021-01-23 16:20:36,987 [main] INFO nopCommerce - *********Launching Browser**********
2021-01-23 16:20:36,995 [main] INFO nopCommerce - *********Opening URL**********
2021-01-23 16:20:38,153 [main] INFO nopCommerce - *********Providing login details**********
2021-01-23 16:20:38,535 [main] INFO nopCommerce - *********Started Login pProcess**********
2021-01-23 16:20:41,872 [main] INFO nopCommerce - *********Login Passed**********
2021-01-23 16:20:45,845 [main] INFO nopCommerce - *********Click on logout link**********
2021-01-23 16:20:45,858 [main] INFO nopCommerce - *********Login Passed**********
2021-01-23 16:20:45,860 [main] INFO nopCommerce - *********Closing Browser**********
2021-01-23 16:30:38,643 [main] INFO nopCommerce - *********Launching Browser**********
2021-01-23 16:30:38,714 [main] INFO nopCommerce - *********Opening URL**********
2021-01-23 16:30:40,272 [main] INFO nopCommerce - *********Providing login details**********
2021-01-23 16:30:40,717 [main] INFO nopCommerce - *********Started Login pProcess**********
2021-01-23 16:30:44,241 [main] INFO nopCommerce - *********Dashboard Title Verified**********
2021-01-23 16:30:46,303 [main] INFO nopCommerce - *********Select Customer Menu**********
2021-01-23 16:30:48,440 [main] INFO nopCommerce - *********Click on Customer Menu**********
2021-01-23 16:30:54,564 [main] INFO nopCommerce - *********Closing Browser**********
2021-01-23 16:31:01,326 [main] INFO nopCommerce - *********Launching Browser**********
2021-01-23 16:31:01,335 [main] INFO nopCommerce - *********Opening URL**********
2021-01-23 16:31:02,555 [main] INFO nopCommerce - *********Providing login details**********
2021-01-23 16:31:02,937 [main] INFO nopCommerce - *********Started Login pProcess**********
2021-01-23 16:31:06,661 [main] INFO nopCommerce - *********Dashboard Title Verified**********
2021-01-23 16:31:08,691 [main] INFO nopCommerce - *********Select Customer Menu**********
2021-01-23 16:31:10,783 [main] INFO nopCommerce - *********Click on Customer Menu**********
2021-01-23 16:31:16,615 [main] INFO nopCommerce - *********Closing Browser**********
2021-01-23 16:31:23,126 [main] INFO nopCommerce - *********Launching Browser**********
2021-01-23 16:31:23,134 [main] INFO nopCommerce - *********Opening URL**********
2021-01-23 16:31:24,451 [main] INFO nopCommerce - *********Providing login details**********
2021-01-23 16:31:24,819 [main] INFO nopCommerce - *********Started Login pProcess**********
2021-01-23 16:31:27,871 [main] INFO nopCommerce - *********Login Passed**********
2021-01-23 16:31:32,328 [main] INFO nopCommerce - *********Click on logout link**********
2021-01-23 16:31:32,343 [main] INFO nopCommerce - *********Login Passed**********
2021-01-23 16:31:32,344 [main] INFO nopCommerce - *********Closing Browser**********
2021-01-23 16:31:39,721 [main] INFO nopCommerce - *********Launching Browser**********
2021-01-23 16:31:39,723 [main] INFO nopCommerce - *********Opening URL**********
2021-01-23 16:31:41,196 [main] INFO nopCommerce - *********Providing login details**********
2021-01-23 16:31:41,692 [main] INFO nopCommerce - *********Started Login pProcess**********
2021-01-23 16:41:34,180 [main] INFO nopCommerce - *********Launching Browser**********
2021-01-23 16:41:34,267 [main] INFO nopCommerce - *********Opening URL**********
2021-01-23 16:41:35,427 [main] INFO nopCommerce - *********Providing login details**********
2021-01-23 16:41:35,844 [main] INFO nopCommerce - *********Started Login pProcess**********
2021-01-23 16:41:39,938 [main] INFO nopCommerce - *********Dashboard Title Verified**********
2021-01-23 16:41:42,032 [main] INFO nopCommerce - *********Select Customer Menu**********
2021-01-23 16:41:44,256 [main] INFO nopCommerce - *********Click on Customer Menu**********
2021-01-23 16:41:47,751 [main] INFO nopCommerce - *********Click on Add new Button**********
2021-01-23 16:41:50,912 [main] INFO nopCommerce - *********Verified Add new Customer page Title**********
2021-01-23 16:41:50,919 [main] INFO nopCommerce - *********Add new Customer**********
2021-01-23 16:41:50,919 [main] INFO nopCommerce - *********Providing Customer Details**********
2021-01-23 16:42:08,257 [main] INFO nopCommerce - *********Save Customer information**********
2021-01-23 16:42:11,690 [main] INFO nopCommerce - *********new Customer added successfully**********
2021-01-23 16:42:12,030 [main] INFO nopCommerce - *********Closing Browser**********
2021-01-23 16:42:18,445 [main] INFO nopCommerce - *********Launching Browser**********
2021-01-23 16:42:18,449 [main] INFO nopCommerce - *********Opening URL**********
2021-01-23 16:42:19,499 [main] INFO nopCommerce - *********Providing login details**********
2021-01-23 16:42:19,902 [main] INFO nopCommerce - *********Started Login pProcess**********
2021-01-23 16:42:23,086 [main] INFO nopCommerce - *********Dashboard Title Verified**********
2021-01-23 16:42:25,111 [main] INFO nopCommerce - *********Select Customer Menu**********
2021-01-23 16:42:27,202 [main] INFO nopCommerce - *********Click on Customer Menu**********
2021-01-23 16:42:33,018 [main] INFO nopCommerce - *********Closing Browser**********
2021-01-23 16:42:39,450 [main] INFO nopCommerce - *********Launching Browser**********
2021-01-23 16:42:39,455 [main] INFO nopCommerce - *********Opening URL**********
2021-01-23 16:42:40,719 [main] INFO nopCommerce - *********Providing login details**********
2021-01-23 16:42:41,137 [main] INFO nopCommerce - *********Started Login pProcess**********
2021-01-23 16:42:44,409 [main] INFO nopCommerce - *********Dashboard Title Verified**********
2021-01-23 16:42:46,425 [main] INFO nopCommerce - *********Select Customer Menu**********
2021-01-23 16:42:48,513 [main] INFO nopCommerce - *********Click on Customer Menu**********
2021-01-23 16:42:54,258 [main] INFO nopCommerce - *********Closing Browser**********
2021-01-23 16:43:00,626 [main] INFO nopCommerce - *********Launching Browser**********
2021-01-23 16:43:00,630 [main] INFO nopCommerce - *********Opening URL**********
2021-01-23 16:43:01,856 [main] INFO nopCommerce - *********Providing login details**********
2021-01-23 16:43:02,304 [main] INFO nopCommerce - *********Started Login pProcess**********
2021-01-23 16:43:05,687 [main] INFO nopCommerce - *********Login Passed**********
2021-01-23 16:43:09,619 [main] INFO nopCommerce - *********Click on logout link**********
2021-01-23 16:43:09,632 [main] INFO nopCommerce - *********Login Passed**********
2021-01-23 16:43:09,633 [main] INFO nopCommerce - *********Closing Browser**********
2021-01-23 16:43:15,936 [main] INFO nopCommerce - *********Launching Browser**********
2021-01-23 16:43:15,941 [main] INFO nopCommerce - *********Opening URL**********
2021-01-23 16:43:17,103 [main] INFO nopCommerce - *********Providing login details**********
2021-01-23 16:43:17,506 [main] INFO nopCommerce - *********Started Login pProcess**********
2021-01-23 16:43:20,788 [main] INFO nopCommerce - *********Login Passed**********
2021-01-23 16:43:24,829 [main] INFO nopCommerce - *********Click on logout link**********
2021-01-23 16:43:24,842 [main] INFO nopCommerce - *********Login Passed**********
2021-01-23 16:43:24,843 [main] INFO nopCommerce - *********Closing Browser**********
2021-01-23 16:43:31,546 [main] INFO nopCommerce - *********Launching Browser**********
2021-01-23 16:43:31,551 [main] INFO nopCommerce - *********Opening URL**********
2021-01-23 16:43:32,383 [main] INFO nopCommerce - *********Providing login details**********
2021-01-23 16:43:32,806 [main] INFO nopCommerce - *********Started Login pProcess**********
2021-01-23 16:57:43,260 [main] INFO nopCommerce - *********Launching Browser**********
2021-01-23 16:57:43,415 [main] INFO nopCommerce - *********Opening URL**********
2021-01-23 16:58:09,639 [main] INFO nopCommerce - *********Providing login details**********
2021-01-23 16:58:10,384 [main] INFO nopCommerce - *********Started Login pProcess**********
2021-01-23 16:58:29,393 [main] INFO nopCommerce - *********Dashboard Title Verified**********
2021-01-23 16:58:31,426 [main] INFO nopCommerce - *********Select Customer Menu**********
2021-01-23 16:58:33,742 [main] INFO nopCommerce - *********Click on Customer Menu**********
2021-01-23 16:58:44,013 [main] INFO nopCommerce - *********Click on Add new Button**********
2021-01-23 16:58:46,237 [main] INFO nopCommerce - *********Verified Add new Customer page Title**********
2021-01-23 16:58:53,119 [main] INFO nopCommerce - *********Launching Browser**********
2021-01-23 16:58:53,125 [main] INFO nopCommerce - *********Opening URL**********
2021-01-23 16:58:54,708 [main] INFO nopCommerce - *********Providing login details**********
2021-01-23 16:58:55,387 [main] INFO nopCommerce - *********Started Login pProcess**********
2021-01-23 16:59:02,271 [main] INFO nopCommerce - *********Dashboard Title Verified**********
2021-01-23 16:59:04,418 [main] INFO nopCommerce - *********Select Customer Menu**********
2021-01-23 16:59:06,618 [main] INFO nopCommerce - *********Click on Customer Menu**********
2021-01-23 16:59:16,585 [main] INFO nopCommerce - *********Closing Browser**********
2021-01-23 16:59:24,255 [main] INFO nopCommerce - *********Launching Browser**********
2021-01-23 16:59:24,260 [main] INFO nopCommerce - *********Opening URL**********
2021-01-23 16:59:25,369 [main] INFO nopCommerce - *********Providing login details**********
2021-01-23 16:59:25,903 [main] INFO nopCommerce - *********Started Login pProcess**********
2021-01-23 16:59:30,043 [main] INFO nopCommerce - *********Dashboard Title Verified**********
2021-01-23 16:59:32,075 [main] INFO nopCommerce - *********Select Customer Menu**********
2021-01-23 16:59:34,199 [main] INFO nopCommerce - *********Click on Customer Menu**********
2021-01-23 16:59:42,569 [main] INFO nopCommerce - *********Closing Browser**********
2021-01-23 16:59:50,480 [main] INFO nopCommerce - *********Launching Browser**********
2021-01-23 16:59:50,485 [main] INFO nopCommerce - *********Opening URL**********
2021-01-23 16:59:52,185 [main] INFO nopCommerce - *********Providing login details**********
2021-01-23 16:59:52,966 [main] INFO nopCommerce - *********Started Login pProcess**********
2021-01-23 17:00:01,949 [main] INFO nopCommerce - *********Login Passed**********
2021-01-23 17:00:06,773 [main] INFO nopCommerce - *********Click on logout link**********
2021-01-23 17:00:06,800 [main] INFO nopCommerce - *********Login Passed**********
2021-01-23 17:00:06,801 [main] INFO nopCommerce - *********Closing Browser**********
2021-01-23 17:00:14,854 [main] INFO nopCommerce - *********Launching Browser**********
2021-01-23 17:00:14,857 [main] INFO nopCommerce - *********Opening URL**********
2021-01-23 17:00:16,336 [main] INFO nopCommerce - *********Providing login details**********
2021-01-23 17:00:16,849 [main] INFO nopCommerce - *********Started Login pProcess**********
2021-01-23 17:00:22,320 [main] INFO nopCommerce - *********Login Passed**********
2021-01-23 17:00:26,862 [main] INFO nopCommerce - *********Click on logout link**********
2021-01-23 17:00:26,881 [main] INFO nopCommerce - *********Login Passed**********
2021-01-23 17:00:26,882 [main] INFO nopCommerce - *********Closing Browser**********
2021-01-23 17:00:35,191 [main] INFO nopCommerce - *********Launching Browser**********
2021-01-23 17:00:35,201 [main] INFO nopCommerce - *********Opening URL**********
2021-01-23 17:00:36,958 [main] INFO nopCommerce - *********Providing login details**********
2021-01-23 17:00:37,560 [main] INFO nopCommerce - *********Started Login pProcess**********
2021-01-23 19:28:50,195 [main] INFO nopCommerce - *********Launching Browser**********
2021-01-23 19:28:50,296 [main] INFO nopCommerce - *********Opening URL**********
2021-01-23 19:28:51,467 [main] INFO nopCommerce - *********Providing login details**********
2021-01-23 19:28:51,996 [main] INFO nopCommerce - *********Started Login pProcess**********
2021-01-23 19:28:54,777 [main] INFO nopCommerce - *********Dashboard Title Verified**********
2021-01-23 19:28:56,791 [main] INFO nopCommerce - *********Select Customer Menu**********
2021-01-23 19:28:58,875 [main] INFO nopCommerce - *********Click on Customer Menu**********
2021-01-23 19:29:01,848 [main] INFO nopCommerce - *********Click on Add new Button**********
2021-01-23 19:29:06,780 [main] INFO nopCommerce - *********Verified Add new Customer page Title**********
2021-01-23 19:29:06,795 [main] INFO nopCommerce - *********Add new Customer**********
2021-01-23 19:29:06,797 [main] INFO nopCommerce - *********Providing Customer Details**********
2021-01-23 19:29:24,553 [main] INFO nopCommerce - *********Save Customer information**********
2021-01-23 19:29:28,519 [main] INFO nopCommerce - *********new Customer added successfully**********
2021-01-23 19:29:28,856 [main] INFO nopCommerce - *********Closing Browser**********
2021-01-23 19:29:35,102 [main] INFO nopCommerce - *********Launching Browser**********
2021-01-23 19:29:35,104 [main] INFO nopCommerce - *********Opening URL**********
2021-01-23 19:29:36,272 [main] INFO nopCommerce - *********Providing login details**********
2021-01-23 19:29:36,706 [main] INFO nopCommerce - *********Started Login pProcess**********
2021-01-23 19:29:39,690 [main] INFO nopCommerce - *********Login Passed**********
2021-01-23 19:29:43,640 [main] INFO nopCommerce - *********Click on logout link**********
2021-01-23 19:29:43,660 [main] INFO nopCommerce - *********Login Passed**********
2021-01-23 19:29:43,662 [main] INFO nopCommerce - *********Closing Browser**********
2021-01-23 19:31:03,014 [main] INFO nopCommerce - *********Launching Browser**********
2021-01-23 19:31:03,119 [main] INFO nopCommerce - *********Opening URL**********
2021-01-23 19:31:04,552 [main] INFO nopCommerce - *********Providing login details**********
2021-01-23 19:31:04,919 [main] INFO nopCommerce - *********Started Login pProcess**********
2021-01-23 19:31:08,234 [main] INFO nopCommerce - *********Dashboard Title Verified**********
2021-01-23 19:31:10,259 [main] INFO nopCommerce - *********Select Customer Menu**********
2021-01-23 19:31:12,320 [main] INFO nopCommerce - *********Click on Customer Menu**********
2021-01-23 19:31:15,192 [main] INFO nopCommerce - *********Click on Add new Button**********
2021-01-23 19:31:18,271 [main] INFO nopCommerce - *********Verified Add new Customer page Title**********
2021-01-23 19:31:18,286 [main] INFO nopCommerce - *********Add new Customer**********
2021-01-23 19:31:18,287 [main] INFO nopCommerce - *********Providing Customer Details**********
2021-01-23 19:31:35,966 [main] INFO nopCommerce - *********Save Customer information**********
2021-01-23 19:31:39,373 [main] INFO nopCommerce - *********new Customer added successfully**********
2021-01-23 19:31:39,662 [main] INFO nopCommerce - *********Closing Browser**********
2021-01-23 19:31:45,957 [main] INFO nopCommerce - *********Launching Browser**********
2021-01-23 19:31:45,959 [main] INFO nopCommerce - *********Opening URL**********
2021-01-23 19:31:46,911 [main] INFO nopCommerce - *********Providing login details**********
2021-01-23 19:31:47,174 [main] INFO nopCommerce - *********Started Login pProcess**********
2021-01-23 19:31:50,771 [main] INFO nopCommerce - *********Dashboard Title Verified**********
2021-01-23 19:31:52,790 [main] INFO nopCommerce - *********Select Customer Menu**********
2021-01-23 19:31:54,968 [main] INFO nopCommerce - *********Click on Customer Menu**********
2021-01-23 19:32:01,413 [main] INFO nopCommerce - *********Closing Browser**********
2021-01-23 19:32:07,612 [main] INFO nopCommerce - *********Launching Browser**********
2021-01-23 19:32:07,614 [main] INFO nopCommerce - *********Opening URL**********
2021-01-23 19:32:08,449 [main] INFO nopCommerce - *********Providing login details**********
2021-01-23 19:32:08,714 [main] INFO nopCommerce - *********Started Login pProcess**********
2021-01-23 19:32:10,683 [main] INFO nopCommerce - *********Dashboard Title Verified**********
2021-01-23 19:32:12,733 [main] INFO nopCommerce - *********Select Customer Menu**********
2021-01-23 19:32:14,805 [main] INFO nopCommerce - *********Click on Customer Menu**********
2021-01-23 19:32:20,936 [main] INFO nopCommerce - *********Closing Browser**********
2021-01-23 19:32:27,118 [main] INFO nopCommerce - *********Launching Browser**********
2021-01-23 19:32:27,121 [main] INFO nopCommerce - *********Opening URL**********
2021-01-23 19:32:28,358 [main] INFO nopCommerce - *********Providing login details**********
2021-01-23 19:32:28,813 [main] INFO nopCommerce - *********Started Login pProcess**********
2021-01-23 19:32:31,638 [main] INFO nopCommerce - *********Login Passed**********
2021-01-23 19:32:35,579 [main] INFO nopCommerce - *********Click on logout link**********
2021-01-23 19:32:35,590 [main] INFO nopCommerce - *********Login Passed**********
2021-01-23 19:32:35,590 [main] INFO nopCommerce - *********Closing Browser**********
2021-01-23 19:32:41,727 [main] INFO nopCommerce - *********Launching Browser**********
2021-01-23 19:32:41,730 [main] INFO nopCommerce - *********Opening URL**********
2021-01-23 19:32:42,815 [main] INFO nopCommerce - *********Providing login details**********
2021-01-23 19:32:43,225 [main] INFO nopCommerce - *********Started Login pProcess**********
2021-01-23 19:32:46,105 [main] INFO nopCommerce - *********Login Passed**********
2021-01-23 19:32:49,913 [main] INFO nopCommerce - *********Click on logout link**********
2021-01-23 19:32:49,924 [main] INFO nopCommerce - *********Login Passed**********
2021-01-23 19:32:49,924 [main] INFO nopCommerce - *********Closing Browser**********
2021-01-23 19:32:56,013 [main] INFO nopCommerce - *********Launching Browser**********
2021-01-23 19:32:56,015 [main] INFO nopCommerce - *********Opening URL**********
2021-01-23 19:32:57,017 [main] INFO nopCommerce - *********Providing login details**********
2021-01-23 19:32:57,464 [main] INFO nopCommerce - *********Started Login pProcess**********
2021-01-23 19:33:00,479 [main] INFO nopCommerce - *********Login Passed**********
2021-01-23 19:33:04,537 [main] INFO nopCommerce - *********Click on logout link**********
2021-01-23 19:33:04,549 [main] INFO nopCommerce - *********Login Passed**********
2021-01-23 19:33:04,550 [main] INFO nopCommerce - *********Closing Browser**********
2021-01-23 19:35:47,916 [main] INFO nopCommerce - *********Launching Browser**********
2021-01-23 19:35:48,044 [main] INFO nopCommerce - *********Opening URL**********
2021-01-23 19:35:49,027 [main] INFO nopCommerce - *********Providing login details**********
2021-01-23 19:35:49,323 [main] INFO nopCommerce - *********Started Login pProcess**********
2021-01-23 19:35:52,036 [main] INFO nopCommerce - *********Dashboard Title Verified**********
2021-01-23 19:35:54,078 [main] INFO nopCommerce - *********Select Customer Menu**********
2021-01-23 19:35:56,148 [main] INFO nopCommerce - *********Click on Customer Menu**********
2021-01-23 19:35:59,323 [main] INFO nopCommerce - *********Click on Add new Button**********
2021-01-23 19:36:02,269 [main] INFO nopCommerce - *********Verified Add new Customer page Title**********
2021-01-23 19:36:02,289 [main] INFO nopCommerce - *********Add new Customer**********
2021-01-23 19:36:02,290 [main] INFO nopCommerce - *********Providing Customer Details**********
2021-01-23 19:36:19,968 [main] INFO nopCommerce - *********Save Customer information**********
2021-01-23 19:36:23,595 [main] INFO nopCommerce - *********new Customer added successfully**********
2021-01-23 19:36:23,966 [main] INFO nopCommerce - *********Closing Browser**********
2021-01-23 19:36:30,206 [main] INFO nopCommerce - *********Launching Browser**********
2021-01-23 19:36:30,210 [main] INFO nopCommerce - *********Opening URL**********
2021-01-23 19:36:31,622 [main] INFO nopCommerce - *********Providing login details**********
2021-01-23 19:36:32,058 [main] INFO nopCommerce - *********Started Login pProcess**********
2021-01-23 19:36:35,266 [main] INFO nopCommerce - *********Dashboard Title Verified**********
2021-01-23 19:36:37,301 [main] INFO nopCommerce - *********Select Customer Menu**********
2021-01-23 19:36:39,359 [main] INFO nopCommerce - *********Click on Customer Menu**********
2021-01-23 19:36:44,993 [main] INFO nopCommerce - *********Closing Browser**********
2021-01-23 19:36:51,231 [main] INFO nopCommerce - *********Launching Browser**********
2021-01-23 19:36:51,239 [main] INFO nopCommerce - *********Opening URL**********
2021-01-23 19:36:52,103 [main] INFO nopCommerce - *********Providing login details**********
2021-01-23 19:36:52,365 [main] INFO nopCommerce - *********Started Login pProcess**********
2021-01-23 19:36:54,332 [main] INFO nopCommerce - *********Dashboard Title Verified**********
2021-01-23 19:36:56,351 [main] INFO nopCommerce - *********Select Customer Menu**********
2021-01-23 19:36:58,480 [main] INFO nopCommerce - *********Click on Customer Menu**********
2021-01-23 19:37:04,655 [main] INFO nopCommerce - *********Closing Browser**********
2021-01-23 19:37:10,915 [main] INFO nopCommerce - *********Launching Browser**********
2021-01-23 19:37:10,917 [main] INFO nopCommerce - *********Opening URL**********
2021-01-23 19:37:11,953 [main] INFO nopCommerce - *********Providing login details**********
2021-01-23 19:37:12,267 [main] INFO nopCommerce - *********Started Login pProcess**********
2021-01-23 19:37:15,319 [main] INFO nopCommerce - *********Login Passed**********
2021-01-23 19:37:19,292 [main] INFO nopCommerce - *********Click on logout link**********
2021-01-23 19:37:19,322 [main] INFO nopCommerce - *********Login Passed**********
2021-01-23 19:37:19,324 [main] INFO nopCommerce - *********Closing Browser**********
2021-01-23 19:37:25,512 [main] INFO nopCommerce - *********Launching Browser**********
2021-01-23 19:37:25,514 [main] INFO nopCommerce - *********Opening URL**********
2021-01-23 19:37:26,491 [main] INFO nopCommerce - *********Providing login details**********
2021-01-23 19:37:26,725 [main] INFO nopCommerce - *********Started Login pProcess**********
2021-01-23 19:37:30,189 [main] INFO nopCommerce - *********Login Passed**********
2021-01-23 19:37:34,100 [main] INFO nopCommerce - *********Click on logout link**********
2021-01-23 19:37:34,135 [main] INFO nopCommerce - *********Login Passed**********
2021-01-23 19:37:34,137 [main] INFO nopCommerce - *********Closing Browser**********
2021-01-23 19:37:40,281 [main] INFO nopCommerce - *********Launching Browser**********
2021-01-23 19:37:40,288 [main] INFO nopCommerce - *********Opening URL**********
2021-01-23 19:37:41,107 [main] INFO nopCommerce - *********Providing login details**********
2021-01-23 19:37:41,352 [main] INFO nopCommerce - *********Started Login pProcess**********
2021-01-23 19:37:44,249 [main] INFO nopCommerce - *********Login Passed**********
2021-01-23 19:37:48,128 [main] INFO nopCommerce - *********Click on logout link**********
2021-01-23 19:37:48,160 [main] INFO nopCommerce - *********Login Passed**********
2021-01-23 19:37:48,163 [main] INFO nopCommerce - *********Closing Browser**********
2021-01-23 20:04:06,750 [main] INFO nopCommerce - *********Launching Browser**********
2021-01-23 20:04:06,862 [main] INFO nopCommerce - *********Opening URL**********
2021-01-23 20:04:08,119 [main] INFO nopCommerce - *********Providing login details**********
2021-01-23 20:04:08,414 [main] INFO nopCommerce - *********Started Login pProcess**********
2021-01-23 20:04:10,535 [main] INFO nopCommerce - *********Dashboard Title Verified**********
2021-01-23 20:04:12,549 [main] INFO nopCommerce - *********Select Customer Menu**********
2021-01-23 20:04:14,645 [main] INFO nopCommerce - *********Click on Customer Menu**********
2021-01-23 20:04:17,687 [main] INFO nopCommerce - *********Click on Add new Button**********
2021-01-23 20:04:20,664 [main] INFO nopCommerce - *********Verified Add new Customer page Title**********
2021-01-23 20:04:20,674 [main] INFO nopCommerce - *********Add new Customer**********
2021-01-23 20:04:20,675 [main] INFO nopCommerce - *********Providing Customer Details**********
2021-01-23 20:04:38,171 [main] INFO nopCommerce - *********Save Customer information**********
2021-01-23 20:04:42,006 [main] INFO nopCommerce - *********new Customer added successfully**********
2021-01-23 20:04:42,278 [main] INFO nopCommerce - *********Closing Browser**********
2021-01-23 20:04:48,419 [main] INFO nopCommerce - *********Launching Browser**********
2021-01-23 20:04:48,421 [main] INFO nopCommerce - *********Opening URL**********
2021-01-23 20:04:49,730 [main] INFO nopCommerce - *********Providing login details**********
2021-01-23 20:04:50,178 [main] INFO nopCommerce - *********Started Login pProcess**********
2021-01-23 20:04:52,900 [main] INFO nopCommerce - *********Dashboard Title Verified**********
2021-01-23 20:04:54,910 [main] INFO nopCommerce - *********Select Customer Menu**********
2021-01-23 20:04:57,047 [main] INFO nopCommerce - *********Click on Customer Menu**********
2021-01-23 20:05:02,740 [main] INFO nopCommerce - *********Closing Browser**********
2021-01-23 20:05:08,884 [main] INFO nopCommerce - *********Launching Browser**********
2021-01-23 20:05:08,887 [main] INFO nopCommerce - *********Opening URL**********
2021-01-23 20:05:09,666 [main] INFO nopCommerce - *********Providing login details**********
2021-01-23 20:05:09,935 [main] INFO nopCommerce - *********Started Login pProcess**********
2021-01-23 20:05:11,754 [main] INFO nopCommerce - *********Dashboard Title Verified**********
2021-01-23 20:05:13,767 [main] INFO nopCommerce - *********Select Customer Menu**********
2021-01-23 20:05:15,827 [main] INFO nopCommerce - *********Click on Customer Menu**********
2021-01-23 20:05:21,925 [main] INFO nopCommerce - *********Closing Browser**********
2021-01-23 20:05:28,004 [main] INFO nopCommerce - *********Launching Browser**********
2021-01-23 20:05:28,007 [main] INFO nopCommerce - *********Opening URL**********
2021-01-23 20:05:28,842 [main] INFO nopCommerce - *********Providing login details**********
2021-01-23 20:05:29,356 [main] INFO nopCommerce - *********Started Login pProcess**********
2021-01-23 20:05:31,480 [main] INFO nopCommerce - *********Login Passed**********
2021-01-23 20:05:35,487 [main] INFO nopCommerce - *********Click on logout link**********
2021-01-23 20:05:35,499 [main] INFO nopCommerce - *********Login Passed**********
2021-01-23 20:05:35,499 [main] INFO nopCommerce - *********Closing Browser**********
2021-01-23 20:05:42,553 [main] INFO nopCommerce - *********Launching Browser**********
2021-01-23 20:05:42,555 [main] INFO nopCommerce - *********Opening URL**********
2021-01-23 20:05:43,884 [main] INFO nopCommerce - *********Providing login details**********
2021-01-23 20:05:44,155 [main] INFO nopCommerce - *********Started Login pProcess**********
2021-01-23 20:05:47,125 [main] INFO nopCommerce - *********Login Passed**********
2021-01-23 20:05:50,938 [main] INFO nopCommerce - *********Click on logout link**********
2021-01-23 20:05:50,965 [main] INFO nopCommerce - *********Login Passed**********
2021-01-23 20:05:50,967 [main] INFO nopCommerce - *********Closing Browser**********
2021-01-23 20:05:57,053 [main] INFO nopCommerce - *********Launching Browser**********
2021-01-23 20:05:57,056 [main] INFO nopCommerce - *********Opening URL**********
2021-01-23 20:05:58,281 [main] INFO nopCommerce - *********Providing login details**********
2021-01-23 20:05:58,650 [main] INFO nopCommerce - *********Started Login pProcess**********
2021-01-23 20:06:01,333 [main] INFO nopCommerce - *********Login Passed**********
2021-01-23 20:06:05,150 [main] INFO nopCommerce - *********Click on logout link**********
2021-01-23 20:06:05,175 [main] INFO nopCommerce - *********Login Passed**********
2021-01-23 20:06:05,177 [main] INFO nopCommerce - *********Closing Browser**********
2021-01-23 20:12:17,586 [main] INFO nopCommerce - *********Launching Browser**********
2021-01-23 20:12:17,653 [main] INFO nopCommerce - *********Opening URL**********
2021-01-23 20:12:18,729 [main] INFO nopCommerce - *********Providing login details**********
2021-01-23 20:12:19,103 [main] INFO nopCommerce - *********Started Login pProcess**********
2021-01-23 20:12:21,565 [main] INFO nopCommerce - *********Dashboard Title Verified**********
2021-01-23 20:12:23,592 [main] INFO nopCommerce - *********Select Customer Menu**********
2021-01-23 20:12:25,646 [main] INFO nopCommerce - *********Click on Customer Menu**********
2021-01-23 20:12:28,627 [main] INFO nopCommerce - *********Click on Add new Button**********
2021-01-23 20:12:31,789 [main] INFO nopCommerce - *********Verified Add new Customer page Title**********
2021-01-23 20:12:31,799 [main] INFO nopCommerce - *********Add new Customer**********
2021-01-23 20:12:31,799 [main] INFO nopCommerce - *********Providing Customer Details**********
2021-01-23 20:12:49,208 [main] INFO nopCommerce - *********Save Customer information**********
2021-01-23 20:12:52,499 [main] INFO nopCommerce - *********new Customer added successfully**********
2021-01-23 20:12:52,865 [main] INFO nopCommerce - *********Closing Browser**********
2021-01-23 20:12:58,801 [main] INFO nopCommerce - *********Launching Browser**********
2021-01-23 20:12:58,809 [main] INFO nopCommerce - *********Opening URL**********
2021-01-23 20:12:59,707 [main] INFO nopCommerce - *********Providing login details**********
2021-01-23 20:13:00,015 [main] INFO nopCommerce - *********Started Login pProcess**********
2021-01-23 20:13:02,273 [main] INFO nopCommerce - *********Dashboard Title Verified**********
2021-01-23 20:13:04,283 [main] INFO nopCommerce - *********Select Customer Menu**********
2021-01-23 20:13:06,394 [main] INFO nopCommerce - *********Click on Customer Menu**********
2021-01-23 20:13:11,966 [main] INFO nopCommerce - *********Closing Browser**********
2021-01-23 20:13:18,041 [main] INFO nopCommerce - *********Launching Browser**********
2021-01-23 20:13:18,045 [main] INFO nopCommerce - *********Opening URL**********
2021-01-23 20:13:18,941 [main] INFO nopCommerce - *********Providing login details**********
2021-01-23 20:13:19,242 [main] INFO nopCommerce - *********Started Login pProcess**********
2021-01-23 20:13:21,806 [main] INFO nopCommerce - *********Dashboard Title Verified**********
2021-01-23 20:13:23,816 [main] INFO nopCommerce - *********Select Customer Menu**********
2021-01-23 20:13:25,964 [main] INFO nopCommerce - *********Click on Customer Menu**********
2021-01-23 20:13:32,818 [main] INFO nopCommerce - *********Closing Browser**********
2021-01-23 20:13:39,363 [main] INFO nopCommerce - *********Launching Browser**********
2021-01-23 20:13:39,367 [main] INFO nopCommerce - *********Opening URL**********
2021-01-23 20:13:40,478 [main] INFO nopCommerce - *********Providing login details**********
2021-01-23 20:13:41,030 [main] INFO nopCommerce - *********Started Login pProcess**********
2021-01-23 20:13:45,012 [main] INFO nopCommerce - *********Login Passed**********
2021-01-23 20:13:48,126 [main] INFO nopCommerce - *********Click on logout link**********
2021-01-23 20:13:53,750 [main] INFO nopCommerce - *********Launching Browser**********
2021-01-23 20:13:53,754 [main] INFO nopCommerce - *********Opening URL**********
2021-01-23 20:13:54,639 [main] INFO nopCommerce - *********Providing login details**********
2021-01-23 20:13:55,161 [main] INFO nopCommerce - *********Started Login pProcess**********
2021-01-23 20:13:57,885 [main] INFO nopCommerce - *********Login Passed**********
2021-01-23 20:14:01,001 [main] INFO nopCommerce - *********Click on logout link**********
2021-01-23 20:14:06,298 [main] INFO nopCommerce - *********Launching Browser**********
2021-01-23 20:14:06,303 [main] INFO nopCommerce - *********Opening URL**********
2021-01-23 20:14:07,314 [main] INFO nopCommerce - *********Providing login details**********
2021-01-23 20:14:07,677 [main] INFO nopCommerce - *********Started Login pProcess**********
2021-01-23 20:14:09,613 [main] INFO nopCommerce - *********Login Passed**********
2021-01-23 20:14:13,657 [main] INFO nopCommerce - *********Click on logout link**********
2021-01-23 20:14:13,682 [main] INFO nopCommerce - *********Login Passed**********
2021-01-23 20:14:13,683 [main] INFO nopCommerce - *********Closing Browser**********
2021-01-23 20:15:43,275 [main] INFO nopCommerce - *********Launching Browser**********
2021-01-23 20:15:43,392 [main] INFO nopCommerce - *********Opening URL**********
2021-01-23 20:15:44,437 [main] INFO nopCommerce - *********Providing login details**********
2021-01-23 20:15:44,690 [main] INFO nopCommerce - *********Started Login pProcess**********
2021-01-23 20:15:46,857 [main] INFO nopCommerce - *********Dashboard Title Verified**********
2021-01-23 20:15:48,875 [main] INFO nopCommerce - *********Select Customer Menu**********
2021-01-23 20:15:50,991 [main] INFO nopCommerce - *********Click on Customer Menu**********
2021-01-23 20:15:54,022 [main] INFO nopCommerce - *********Click on Add new Button**********
2021-01-23 20:15:57,013 [main] INFO nopCommerce - *********Verified Add new Customer page Title**********
2021-01-23 20:15:57,025 [main] INFO nopCommerce - *********Add new Customer**********
2021-01-23 20:15:57,026 [main] INFO nopCommerce - *********Providing Customer Details**********
2021-01-23 20:16:14,466 [main] INFO nopCommerce - *********Save Customer information**********
2021-01-23 20:16:17,878 [main] INFO nopCommerce - *********new Customer added successfully**********
2021-01-23 20:16:18,101 [main] INFO nopCommerce - *********Closing Browser**********
2021-01-23 20:16:24,184 [main] INFO nopCommerce - *********Launching Browser**********
2021-01-23 20:16:24,193 [main] INFO nopCommerce - *********Opening URL**********
2021-01-23 20:16:25,183 [main] INFO nopCommerce - *********Providing login details**********
2021-01-23 20:16:25,481 [main] INFO nopCommerce - *********Started Login pProcess**********
2021-01-23 20:16:27,718 [main] INFO nopCommerce - *********Dashboard Title Verified**********
2021-01-23 20:16:29,729 [main] INFO nopCommerce - *********Select Customer Menu**********
2021-01-23 20:16:31,832 [main] INFO nopCommerce - *********Click on Customer Menu**********
2021-01-23 20:16:37,284 [main] INFO nopCommerce - *********Closing Browser**********
2021-01-23 20:16:43,304 [main] INFO nopCommerce - *********Launching Browser**********
2021-01-23 20:16:43,309 [main] INFO nopCommerce - *********Opening URL**********
2021-01-23 20:16:44,290 [main] INFO nopCommerce - *********Providing login details**********
2021-01-23 20:16:44,568 [main] INFO nopCommerce - *********Started Login pProcess**********
2021-01-23 20:16:46,231 [main] INFO nopCommerce - *********Dashboard Title Verified**********
2021-01-23 20:16:48,242 [main] INFO nopCommerce - *********Select Customer Menu**********
2021-01-23 20:16:50,303 [main] INFO nopCommerce - *********Click on Customer Menu**********
2021-01-23 20:16:55,848 [main] INFO nopCommerce - *********Closing Browser**********
2021-01-23 20:17:02,033 [main] INFO nopCommerce - *********Launching Browser**********
2021-01-23 20:17:02,036 [main] INFO nopCommerce - *********Opening URL**********
2021-01-23 20:17:03,081 [main] INFO nopCommerce - *********Providing login details**********
2021-01-23 20:17:03,393 [main] INFO nopCommerce - *********Started Login pProcess**********
2021-01-23 20:17:05,964 [main] INFO nopCommerce - *********Login Passed**********
2021-01-23 20:17:10,130 [main] INFO nopCommerce - *********Click on logout link**********
2021-01-23 20:17:10,144 [main] INFO nopCommerce - *********Login Passed**********
2021-01-23 20:17:10,145 [main] INFO nopCommerce - *********Closing Browser**********
2021-01-23 20:17:16,167 [main] INFO nopCommerce - *********Launching Browser**********
2021-01-23 20:17:16,170 [main] INFO nopCommerce - *********Opening URL**********
2021-01-23 20:17:17,003 [main] INFO nopCommerce - *********Providing login details**********
2021-01-23 20:17:17,294 [main] INFO nopCommerce - *********Started Login pProcess**********
2021-01-23 20:17:19,650 [main] INFO nopCommerce - *********Login Passed**********
2021-01-23 20:17:23,653 [main] INFO nopCommerce - *********Click on logout link**********
2021-01-23 20:17:23,676 [main] INFO nopCommerce - *********Login Passed**********
2021-01-23 20:17:23,677 [main] INFO nopCommerce - *********Closing Browser**********
2021-01-23 20:17:29,620 [main] INFO nopCommerce - *********Launching Browser**********
2021-01-23 20:17:29,623 [main] INFO nopCommerce - *********Opening URL**********
2021-01-23 20:17:30,661 [main] INFO nopCommerce - *********Providing login details**********
2021-01-23 20:17:30,914 [main] INFO nopCommerce - *********Started Login pProcess**********
2021-01-23 20:17:33,260 [main] INFO nopCommerce - *********Login Passed**********
2021-01-23 20:17:37,280 [main] INFO nopCommerce - *********Click on logout link**********
2021-01-23 20:17:37,303 [main] INFO nopCommerce - *********Login Passed**********
2021-01-23 20:17:37,305 [main] INFO nopCommerce - *********Closing Browser**********
2021-01-23 20:31:11,540 [main] INFO nopCommerce - *********Launching Browser**********
2021-01-23 20:31:11,675 [main] INFO nopCommerce - *********Opening URL**********
2021-01-23 20:31:12,992 [main] INFO nopCommerce - *********Providing login details**********
2021-01-23 20:31:13,383 [main] INFO nopCommerce - *********Started Login pProcess**********
2021-01-23 20:31:26,661 [main] INFO nopCommerce - *********Dashboard Title Verified**********
2021-01-23 20:31:28,688 [main] INFO nopCommerce - *********Select Customer Menu**********
2021-01-23 20:31:30,815 [main] INFO nopCommerce - *********Click on Customer Menu**********
2021-01-23 20:31:34,871 [main] INFO nopCommerce - *********Click on Add new Button**********
2021-01-23 20:31:40,807 [main] INFO nopCommerce - *********Verified Add new Customer page Title**********
2021-01-23 20:31:40,818 [main] INFO nopCommerce - *********Add new Customer**********
2021-01-23 20:31:40,820 [main] INFO nopCommerce - *********Providing Customer Details**********
2021-01-23 20:31:58,404 [main] INFO nopCommerce - *********Save Customer information**********
2021-01-23 20:32:02,234 [main] INFO nopCommerce - *********new Customer added successfully**********
2021-01-23 20:32:02,552 [main] INFO nopCommerce - *********Closing Browser**********
2021-01-23 20:32:08,586 [main] INFO nopCommerce - *********Launching Browser**********
2021-01-23 20:32:08,591 [main] INFO nopCommerce - *********Opening URL**********
2021-01-23 20:32:09,551 [main] INFO nopCommerce - *********Providing login details**********
2021-01-23 20:32:09,895 [main] INFO nopCommerce - *********Started Login pProcess**********
2021-01-23 20:32:12,534 [main] INFO nopCommerce - *********Dashboard Title Verified**********
2021-01-23 20:32:14,544 [main] INFO nopCommerce - *********Select Customer Menu**********
2021-01-23 20:32:16,599 [main] INFO nopCommerce - *********Click on Customer Menu**********
2021-01-23 20:32:22,253 [main] INFO nopCommerce - *********Closing Browser**********
2021-01-23 20:32:28,332 [main] INFO nopCommerce - *********Launching Browser**********
2021-01-23 20:32:28,343 [main] INFO nopCommerce - *********Opening URL**********
2021-01-23 20:32:29,379 [main] INFO nopCommerce - *********Providing login details**********
2021-01-23 20:32:29,651 [main] INFO nopCommerce - *********Started Login pProcess**********
2021-01-23 20:32:32,434 [main] INFO nopCommerce - *********Dashboard Title Verified**********
2021-01-23 20:32:34,445 [main] INFO nopCommerce - *********Select Customer Menu**********
2021-01-23 20:32:36,535 [main] INFO nopCommerce - *********Click on Customer Menu**********
2021-01-23 20:32:42,186 [main] INFO nopCommerce - *********Closing Browser**********
2021-01-23 20:32:48,197 [main] INFO nopCommerce - *********Launching Browser**********
2021-01-23 20:32:48,205 [main] INFO nopCommerce - *********Opening URL**********
2021-01-23 20:32:49,111 [main] INFO nopCommerce - *********Providing login details**********
2021-01-23 20:32:49,445 [main] INFO nopCommerce - *********Started Login pProcess**********
2021-01-23 20:32:51,893 [main] INFO nopCommerce - *********Login Passed**********
2021-01-23 20:32:55,794 [main] INFO nopCommerce - *********Click on logout link**********
2021-01-23 20:32:55,817 [main] INFO nopCommerce - *********Login Passed**********
2021-01-23 20:32:55,819 [main] INFO nopCommerce - *********Closing Browser**********
2021-01-23 20:33:01,815 [main] INFO nopCommerce - *********Launching Browser**********
2021-01-23 20:33:01,818 [main] INFO nopCommerce - *********Opening URL**********
2021-01-23 20:33:02,729 [main] INFO nopCommerce - *********Providing login details**********
2021-01-23 20:33:03,114 [main] INFO nopCommerce - *********Started Login pProcess**********
2021-01-23 20:33:05,257 [main] INFO nopCommerce - *********Login Passed**********
2021-01-23 20:33:08,984 [main] INFO nopCommerce - *********Click on logout link**********
2021-01-23 20:33:09,007 [main] INFO nopCommerce - *********Login Passed**********
2021-01-23 20:33:09,008 [main] INFO nopCommerce - *********Closing Browser**********
2021-01-23 20:33:14,990 [main] INFO nopCommerce - *********Launching Browser**********
2021-01-23 20:33:14,994 [main] INFO nopCommerce - *********Opening URL**********
2021-01-23 20:33:15,967 [main] INFO nopCommerce - *********Providing login details**********
2021-01-23 20:33:16,409 [main] INFO nopCommerce - *********Started Login pProcess**********
2021-01-23 20:33:18,977 [main] INFO nopCommerce - *********Login Passed**********
2021-01-23 20:33:23,116 [main] INFO nopCommerce - *********Click on logout link**********
2021-01-23 20:33:23,137 [main] INFO nopCommerce - *********Login Passed**********
2021-01-23 20:33:23,138 [main] INFO nopCommerce - *********Closing Browser**********
2021-01-23 20:34:03,141 [main] INFO nopCommerce - *********Launching Browser**********
2021-01-23 20:34:03,228 [main] INFO nopCommerce - *********Opening URL**********
2021-01-23 20:34:04,259 [main] INFO nopCommerce - *********Providing login details**********
2021-01-23 20:34:04,557 [main] INFO nopCommerce - *********Started Login pProcess**********
2021-01-23 20:34:06,747 [main] INFO nopCommerce - *********Dashboard Title Verified**********
2021-01-23 20:34:08,760 [main] INFO nopCommerce - *********Select Customer Menu**********
2021-01-23 20:34:10,870 [main] INFO nopCommerce - *********Click on Customer Menu**********
2021-01-23 20:34:13,729 [main] INFO nopCommerce - *********Click on Add new Button**********
2021-01-23 20:34:16,712 [main] INFO nopCommerce - *********Verified Add new Customer page Title**********
2021-01-23 20:34:16,723 [main] INFO nopCommerce - *********Add new Customer**********
2021-01-23 20:34:16,723 [main] INFO nopCommerce - *********Providing Customer Details**********
2021-01-23 20:34:34,275 [main] INFO nopCommerce - *********Save Customer information**********
2021-01-23 20:34:37,586 [main] INFO nopCommerce - *********new Customer added successfully**********
2021-01-23 20:34:37,905 [main] INFO nopCommerce - *********Closing Browser**********
2021-01-23 20:34:43,942 [main] INFO nopCommerce - *********Launching Browser**********
2021-01-23 20:34:43,945 [main] INFO nopCommerce - *********Opening URL**********
2021-01-23 20:34:44,850 [main] INFO nopCommerce - *********Providing login details**********
2021-01-23 20:34:45,107 [main] INFO nopCommerce - *********Started Login pProcess**********
2021-01-23 20:34:47,741 [main] INFO nopCommerce - *********Dashboard Title Verified**********
2021-01-23 20:34:49,754 [main] INFO nopCommerce - *********Select Customer Menu**********
2021-01-23 20:34:51,858 [main] INFO nopCommerce - *********Click on Customer Menu**********
2021-01-23 20:34:57,628 [main] INFO nopCommerce - *********Closing Browser**********
2021-01-23 20:35:03,643 [main] INFO nopCommerce - *********Launching Browser**********
2021-01-23 20:35:03,650 [main] INFO nopCommerce - *********Opening URL**********
2021-01-23 20:35:04,409 [main] INFO nopCommerce - *********Providing login details**********
2021-01-23 20:35:04,801 [main] INFO nopCommerce - *********Started Login pProcess**********
2021-01-23 20:35:06,948 [main] INFO nopCommerce - *********Dashboard Title Verified**********
2021-01-23 20:35:08,957 [main] INFO nopCommerce - *********Select Customer Menu**********
2021-01-23 20:35:11,018 [main] INFO nopCommerce - *********Click on Customer Menu**********
2021-01-23 20:35:16,835 [main] INFO nopCommerce - *********Closing Browser**********
2021-01-23 20:35:22,896 [main] INFO nopCommerce - *********Launching Browser**********
2021-01-23 20:35:22,898 [main] INFO nopCommerce - *********Opening URL**********
2021-01-23 20:35:24,042 [main] INFO nopCommerce - *********Providing login details**********
2021-01-23 20:35:24,303 [main] INFO nopCommerce - *********Started Login pProcess**********
2021-01-23 20:35:27,153 [main] INFO nopCommerce - *********Login Passed**********
2021-01-23 20:35:31,219 [main] INFO nopCommerce - *********Click on logout link**********
2021-01-23 20:35:31,240 [main] INFO nopCommerce - *********Login Passed**********
2021-01-23 20:35:31,242 [main] INFO nopCommerce - *********Closing Browser**********
2021-01-23 20:35:37,239 [main] INFO nopCommerce - *********Launching Browser**********
2021-01-23 20:35:37,241 [main] INFO nopCommerce - *********Opening URL**********
2021-01-23 20:35:38,174 [main] INFO nopCommerce - *********Providing login details**********
2021-01-23 20:35:38,552 [main] INFO nopCommerce - *********Started Login pProcess**********
2021-01-23 20:35:41,346 [main] INFO nopCommerce - *********Login Passed**********
2021-01-23 20:35:45,288 [main] INFO nopCommerce - *********Click on logout link**********
2021-01-23 20:35:45,300 [main] INFO nopCommerce - *********Login Passed**********
2021-01-23 20:35:45,302 [main] INFO nopCommerce - *********Closing Browser**********
2021-01-23 20:35:52,120 [main] INFO nopCommerce - *********Launching Browser**********
2021-01-23 20:35:52,129 [main] INFO nopCommerce - *********Opening URL**********
2021-01-23 20:35:53,134 [main] INFO nopCommerce - *********Providing login details**********
2021-01-23 20:35:53,405 [main] INFO nopCommerce - *********Started Login pProcess**********
2021-01-23 20:35:56,203 [main] INFO nopCommerce - *********Login Passed**********
2021-01-23 20:36:00,273 [main] INFO nopCommerce - *********Click on logout link**********
2021-01-23 20:36:00,295 [main] INFO nopCommerce - *********Login Passed**********
2021-01-23 20:36:00,297 [main] INFO nopCommerce - *********Closing Browser**********
